[2022-12-15 12:17:22] local.ERROR: Opis\Closure\SerializableClosure implements the Serializable interface, which is deprecated. Implement __serialize() and __unserialize() instead (or in addition, if support for old PHP versions is necessary) {"exception":"[object] (ErrorException(code: 0): Opis\\Closure\\SerializableClosure implements the Serializable interface, which is deprecated. Implement __serialize() and __unserialize() instead (or in addition, if support for old PHP versions is necessary) at C:\\xampp\\htdocs\\main_file\\vendor\\opis\\closure\\src\\SerializableClosure.php:18)
[stacktrace]
#0 C:\\xampp\\htdocs\\main_file\\vendor\\opis\\closure\\src\\SerializableClosure.php(18): Illuminate\\Foundation\\Bootstrap\\HandleExceptions->handleError(8192, 'Opis\\\\Closure\\\\Se...', 'C:\\\\xampp\\\\htdocs...', 18)
#1 C:\\xampp\\htdocs\\main_file\\vendor\\composer\\ClassLoader.php(480): include('C:\\\\xampp\\\\htdocs...')
#2 C:\\xampp\\htdocs\\main_file\\vendor\\composer\\ClassLoader.php(346): Composer\\Autoload\\includeFile('C:\\\\xampp\\\\htdocs...')
#3 [internal function]: Composer\\Autoload\\ClassLoader->loadClass('Opis\\\\Closure\\\\Se...')
#4 C:\\xampp\\htdocs\\main_file\\vendor\\laravel\\framework\\src\\Illuminate\\Encryption\\EncryptionServiceProvider.php(45): class_exists('Opis\\\\Closure\\\\Se...')
#5 C:\\xampp\\htdocs\\main_file\\vendor\\laravel\\framework\\src\\Illuminate\\Encryption\\EncryptionServiceProvider.php(19): Illuminate\\Encryption\\EncryptionServiceProvider->registerOpisSecurityKey()
#6 C:\\xampp\\htdocs\\main_file\\vendor\\laravel\\framework\\src\\Illuminate\\Foundation\\Application.php(672): Illuminate\\Encryption\\EncryptionServiceProvider->register()
#7 C:\\xampp\\htdocs\\main_file\\vendor\\laravel\\framework\\src\\Illuminate\\Foundation\\ProviderRepository.php(75): Illuminate\\Foundation\\Application->register(Object(Illuminate\\Encryption\\EncryptionServiceProvider))
#8 C:\\xampp\\htdocs\\main_file\\vendor\\laravel\\framework\\src\\Illuminate\\Foundation\\Application.php(649): Illuminate\\Foundation\\ProviderRepository->load(Array)
#9 C:\\xampp\\htdocs\\main_file\\vendor\\laravel\\framework\\src\\Illuminate\\Foundation\\Bootstrap\\RegisterProviders.php(17): Illuminate\\Foundation\\Application->registerConfiguredProviders()
#10 C:\\xampp\\htdocs\\main_file\\vendor\\laravel\\framework\\src\\Illuminate\\Foundation\\Application.php(237): Illuminate\\Foundation\\Bootstrap\\RegisterProviders->bootstrap(Object(Illuminate\\Foundation\\Application))
#11 C:\\xampp\\htdocs\\main_file\\vendor\\laravel\\framework\\src\\Illuminate\\Foundation\\Console\\Kernel.php(310): Illuminate\\Foundation\\Application->bootstrapWith(Array)
#12 C:\\xampp\\htdocs\\main_file\\vendor\\laravel\\framework\\src\\Illuminate\\Foundation\\Console\\Kernel.php(127): Illuminate\\Foundation\\Console\\Kernel->bootstrap()
#13 C:\\xampp\\htdocs\\main_file\\artisan(37): Illuminate\\Foundation\\Console\\Kernel->handle(Object(Symfony\\Component\\Console\\Input\\ArgvInput), Object(Symfony\\Component\\Console\\Output\\ConsoleOutput))
#14 {main}
"} 
[2022-12-16 04:30:57] local.ERROR: Opis\Closure\SerializableClosure implements the Serializable interface, which is deprecated. Implement __serialize() and __unserialize() instead (or in addition, if support for old PHP versions is necessary) {"exception":"[object] (ErrorException(code: 0): Opis\\Closure\\SerializableClosure implements the Serializable interface, which is deprecated. Implement __serialize() and __unserialize() instead (or in addition, if support for old PHP versions is necessary) at C:\\xampp\\htdocs\\main_file\\vendor\\opis\\closure\\src\\SerializableClosure.php:18)
[stacktrace]
#0 C:\\xampp\\htdocs\\main_file\\vendor\\opis\\closure\\src\\SerializableClosure.php(18): Illuminate\\Foundation\\Bootstrap\\HandleExceptions->handleError(8192, 'Opis\\\\Closure\\\\Se...', 'C:\\\\xampp\\\\htdocs...', 18)
#1 C:\\xampp\\htdocs\\main_file\\vendor\\composer\\ClassLoader.php(480): include('C:\\\\xampp\\\\htdocs...')
#2 C:\\xampp\\htdocs\\main_file\\vendor\\composer\\ClassLoader.php(346): Composer\\Autoload\\includeFile('C:\\\\xampp\\\\htdocs...')
#3 [internal function]: Composer\\Autoload\\ClassLoader->loadClass('Opis\\\\Closure\\\\Se...')
#4 C:\\xampp\\htdocs\\main_file\\vendor\\laravel\\framework\\src\\Illuminate\\Encryption\\EncryptionServiceProvider.php(45): class_exists('Opis\\\\Closure\\\\Se...')
#5 C:\\xampp\\htdocs\\main_file\\vendor\\laravel\\framework\\src\\Illuminate\\Encryption\\EncryptionServiceProvider.php(19): Illuminate\\Encryption\\EncryptionServiceProvider->registerOpisSecurityKey()
#6 C:\\xampp\\htdocs\\main_file\\vendor\\laravel\\framework\\src\\Illuminate\\Foundation\\Application.php(672): Illuminate\\Encryption\\EncryptionServiceProvider->register()
#7 C:\\xampp\\htdocs\\main_file\\vendor\\laravel\\framework\\src\\Illuminate\\Foundation\\ProviderRepository.php(75): Illuminate\\Foundation\\Application->register(Object(Illuminate\\Encryption\\EncryptionServiceProvider))
#8 C:\\xampp\\htdocs\\main_file\\vendor\\laravel\\framework\\src\\Illuminate\\Foundation\\Application.php(649): Illuminate\\Foundation\\ProviderRepository->load(Array)
#9 C:\\xampp\\htdocs\\main_file\\vendor\\laravel\\framework\\src\\Illuminate\\Foundation\\Bootstrap\\RegisterProviders.php(17): Illuminate\\Foundation\\Application->registerConfiguredProviders()
#10 C:\\xampp\\htdocs\\main_file\\vendor\\laravel\\framework\\src\\Illuminate\\Foundation\\Application.php(237): Illuminate\\Foundation\\Bootstrap\\RegisterProviders->bootstrap(Object(Illuminate\\Foundation\\Application))
#11 C:\\xampp\\htdocs\\main_file\\vendor\\laravel\\framework\\src\\Illuminate\\Foundation\\Console\\Kernel.php(310): Illuminate\\Foundation\\Application->bootstrapWith(Array)
#12 C:\\xampp\\htdocs\\main_file\\vendor\\laravel\\framework\\src\\Illuminate\\Foundation\\Console\\Kernel.php(127): Illuminate\\Foundation\\Console\\Kernel->bootstrap()
#13 C:\\xampp\\htdocs\\main_file\\artisan(37): Illuminate\\Foundation\\Console\\Kernel->handle(Object(Symfony\\Component\\Console\\Input\\ArgvInput), Object(Symfony\\Component\\Console\\Output\\ConsoleOutput))
#14 {main}
"} 
